[main c45a207] Auto-update: Active Monetized SEO Nodes
 7 files changed, 492 insertions(+), 2 deletions(-)
 create mode 100644 execution.log
 create mode 100644 production_sites/eddie-vedder.html
 create mode 100644 production_sites/macaulay-culkin.html
 create mode 100644 production_sites/paris-hilton.html
 create mode 100644 production_sites/rickea-jackson.html
 create mode 100644 production_sites/trump-irs-lawsuit-settlement-talks.html
To github.com:oketom82-art/sovereign-seo-nodes.git
   a7baac3..c45a207  main -> main

--- Autopilot Run Started: 2026-05-18 00:00:01 ---
[Predictive Engine] Ingesting search trend indicators...
[Autopilot Git] Push success! Live pages updated on Netlify.
--- Autopilot Run Complete. Total Assets Listed: 15 | Est. Monthly Value: $675.00 ---
[main 59f4d51] Auto-update: Active Monetized SEO Nodes
 7 files changed, 507 insertions(+), 2 deletions(-)
 create mode 100644 production_sites/canadiens-vs-sabres.html
 create mode 100644 production_sites/doug-allen-sabres.html
 create mode 100644 production_sites/dutton-ranch-episode-3.html
 create mode 100644 production_sites/her-private-hell.html
 create mode 100644 production_sites/what-channel-is-the-nba-game-on-tonight.html
To github.com:oketom82-art/sovereign-seo-nodes.git
   c45a207..59f4d51  main -> main

--- Autopilot Run Started: 2026-05-19 00:00:02 ---
[Predictive Engine] Ingesting search trend indicators...
[Autopilot Git] Push success! Live pages updated on Netlify.
--- Autopilot Run Complete. Total Assets Listed: 20 | Est. Monthly Value: $900.00 ---
[main 6e36737] Auto-update: Active Monetized SEO Nodes
 7 files changed, 506 insertions(+), 2 deletions(-)
 create mode 100644 production_sites/astros---twins.html
 create mode 100644 production_sites/boca-juniors---cruzeiro.html
 create mode 100644 production_sites/boca-vs-cruzeiro.html
 create mode 100644 production_sites/santa-fe---platense.html
 create mode 100644 "production_sites/s\303\243o-paulo-vs-millonarios.html"
To github.com:oketom82-art/sovereign-seo-nodes.git
   59f4d51..6e36737  main -> main

--- Autopilot Run Started: 2026-05-20 00:00:01 ---
[Predictive Engine] Ingesting search trend indicators...
[Autopilot Git] Push success! Live pages updated on Netlify.
--- Autopilot Run Complete. Total Assets Listed: 25 | Est. Monthly Value: $1,125.00 ---
